0.780974
-1.801578
-0.280849
0.563546
-1.011333
0.414039
1.458326
-0.562136
-0.148576
-0.395186
-0.004148
-0.529958
1.450197
0.404758
0.489706
0.499799
-0.737112
-2.902097
1.501526
0.502787
-0.700349
-0.048168
-1.189055
1.221632
0.457925
-0.751256
-0.774908
1.388553
0.624958
-0.730621
2.029238
0.320050
-0.571310
1.160371
-0.468651
1.303609
-0.901874
0.720675
0.671424
-1.402026
-0.566214
-1.196087
-0.789439
-2.472025
-2.448375
-0.145895
2.475758
0.023339
-0.318354
-0.930464
mean is -0.086297 and standard deviation is 1.259815
